<?xml version="1.0" encoding="UTF-8"?>
<!-- Generated by org.testng.reporters.JUnitReportReporter -->
<testsuite hostname="DESKTOP-IBENE70" failures="0" tests="12" name="RegistrationForm.RegistrationFormTest" time="25.215" errors="0" timestamp="2022-10-05T13:27:34 IST" skipped="0">
  <testcase classname="RegistrationForm.RegistrationFormTest" name="htestToVerifyCheckboxExist" time="0.320"/>
  <testcase classname="RegistrationForm.RegistrationFormTest" name="testToVerifyRegistrationButton" time="2.201"/>
  <testcase classname="RegistrationForm.RegistrationFormTest" name="etestToVerifyRadioButtonOneSelected" time="2.360"/>
  <testcase classname="RegistrationForm.RegistrationFormTest" name="ctestRepeatPassword" time="2.246"/>
  <testcase classname="RegistrationForm.RegistrationFormTest" name="ftestToVerifyRadioButtonTwoSelected" time="2.240"/>
  <testcase classname="RegistrationForm.RegistrationFormTest" name="btestPassword" time="2.270"/>
  <testcase classname="RegistrationForm.RegistrationFormTest" name="dtestToVerifyRadioButtonExist" time="2.307"/>
  <testcase classname="RegistrationForm.RegistrationFormTest" name="jtestToVerifyCheckBoxThreeSelected" time="2.230"/>
  <testcase classname="RegistrationForm.RegistrationFormTest" name="htestToVerifyCheckBoxOneSelected" time="2.257"/>
  <testcase classname="RegistrationForm.RegistrationFormTest" name="itestToVerifyCheckBoxTwoSelected" time="2.372"/>
  <testcase classname="RegistrationForm.RegistrationFormTest" name="gtestToVerifyRadioButtonSelected" time="2.276"/>
  <testcase classname="RegistrationForm.RegistrationFormTest" name="atestEmail" time="2.136"/>
</testsuite> <!-- RegistrationForm.RegistrationFormTest -->
