<?xml version="1.0" encoding="UTF-8"?>
<!-- Generated by org.testng.reporters.JUnitReportReporter -->
<testsuite hostname="DESKTOP-IBENE70" failures="0" tests="5" name="LoginForm.LoginFormTest" time="11.750" errors="0" timestamp="2022-10-05T13:50:28 IST" skipped="0">
  <testcase classname="LoginForm.LoginFormTest" name="dtestCheckBox" time="2.294"/>
  <testcase classname="LoginForm.LoginFormTest" name="ctestUserPassword" time="2.334"/>
  <testcase classname="LoginForm.LoginFormTest" name="ftestLogInButton" time="2.439"/>
  <testcase classname="LoginForm.LoginFormTest" name="btestUserInput" time="2.434"/>
  <testcase classname="LoginForm.LoginFormTest" name="detestLink" time="2.249"/>
</testsuite> <!-- LoginForm.LoginFormTest -->
